

========================= 开始处理 Workshop ID: 3392188086 (MakeGunpowder) =========================

--- 正在检查已完成的翻译于: data/completed_files/MakeGunpowder_3392188086/en_completed.txt ---
  -> 文件 'en_completed.txt' 在目标位置不存在，将自动创建。

-------------------- 处理子模组: MakeGunpowder --------------------

--- 正在为 'MakeGunpowder' 动态查找 'media' 文件夹 ---
  -> 发现版本目录: 42
  -> 正在检查路径的有效性: data/workshop_content/3392188086/mods/MakeGunpowder/42/media
  --> 路径有效！将使用此路径进行处理: data/workshop_content/3392188086/mods/MakeGunpowder/42/media

--- 预加载 EN (L1) 数据 ---
  -> 扫描目录: data/workshop_content/3392188086/mods/MakeGunpowder/42/media/lua/shared/Translate/EN
     -> 在 'Recipes_EN.txt' 中找到 1 个键。
预加载完成: 找到 1 个本地 EN 键。

--- 阶段 1: 扫描 Scripts (L0) ---
  -> 处理: recipes_makegunpowder.txt
     -> 新增: 1 个 Recipe
阶段 1 完成: 从 scripts 新生成了 1 条数据。

--- 阶段 2: 合并 L0 与 L1 后，纯净英文基准总计: 2 条数据。---

--- 阶段 3: 从 CN 目录加载了 0 条数据。---

--- 正在为 Mod 'MakeGunpowder' 生成输出文件 ---
    - 最终合并 (output.txt): 2 条
    - 纯净英文 (EN_output.txt): 2 条
    - 纯净中文 (CN_output.txt): 0 条
    - 英文待办 (en_todo.txt): 2 条 (增量)
    - 中文独有 (cn_only.txt): 0 条 (增量)
    -> 正在尝试从 Git 历史记录中获取旧版本: data/output_files/MakeGunpowder_3392188086/EN_todo.txt
      --> 在 Git 历史记录中未找到该文件，视为全新。
    -> 基线日志已存档到: data/logs/archive/MakeGunpowder_3392188086_baseline_run_20250910_201505.json

处理成功！所有输出文件已保存在 'MakeGunpowder_3392188086' 文件夹中。
