

========================= 开始处理 Workshop ID: 3389605231 (TchernoLib) =========================

--- 正在检查已完成的翻译于: data/completed_files/TchernoLib_3389605231/en_completed.txt ---
  -> 文件 'en_completed.txt' 在目标位置不存在，将自动创建。

-------------------- 处理子模组: TchernoLib --------------------

--- 正在为 'TchernoLib' 动态查找 'media' 文件夹 ---
  -> 正在检查路径的有效性: data/workshop_content/3389605231/mods/TchernoLib/common/media
  --> 路径有效！将使用此路径进行处理: data/workshop_content/3389605231/mods/TchernoLib/common/media

--- 预加载 EN (L1) 数据 ---
  -> 扫描目录: data/workshop_content/3389605231/mods/TchernoLib/common/media/lua/shared/Translate/EN
     -> 在 'IG_UI_EN.txt' 中找到 12 个键。
     -> 在 'Sandbox_EN.txt' 中找到 22 个键。
预加载完成: 找到 34 个本地 EN 键。

--- 阶段 1: 扫描 Scripts (L0) ---
  -> 处理: SpawnItems.txt
     -> 新增: 1 个 Item
阶段 1 完成: 从 scripts 新生成了 1 条数据。

--- 阶段 2: 合并 L0 与 L1 后，纯净英文基准总计: 35 条数据。---

--- 阶段 3: 从 CN 目录加载了 0 条数据。---

--- 正在为 Mod 'TchernoLib' 生成输出文件 ---
    - 最终合并 (output.txt): 35 条
    - 纯净英文 (EN_output.txt): 35 条
    - 纯净中文 (CN_output.txt): 0 条
    - 英文待办 (en_todo.txt): 35 条 (增量)
    - 中文独有 (cn_only.txt): 0 条 (增量)
    -> 正在尝试从 Git 历史记录中获取旧版本: data/output_files/TchernoLib_3389605231/EN_todo.txt
      --> 在 Git 历史记录中未找到该文件，视为全新。

处理成功！所有输出文件已保存在 'TchernoLib_3389605231' 文件夹中。
