

========================= 开始处理 Workshop ID: 3348036710 (TLOUClothingConnected) =========================

--- 正在检查已完成的翻译于: data/completed_files/TLOUClothingConnected_3348036710/en_completed.txt ---
  -> 文件 'en_completed.txt' 在目标位置不存在，将自动创建。

-------------------- 处理子模组: TLOUClothingConnected --------------------

--- 正在为 'TLOUClothingConnected' 动态查找 'media' 文件夹 ---
  -> 正在检查路径的有效性: data/workshop_content/3348036710/mods/TLOUClothingConnected/media
  --> 路径有效！将使用此路径进行处理: data/workshop_content/3348036710/mods/TLOUClothingConnected/media

--- 预加载 EN (L1) 数据 ---
  -> 扫描目录: data/workshop_content/3348036710/mods/TLOUClothingConnected/media/lua/shared/Translate/EN
     -> 在 'ContextMenu_EN.txt' 中找到 2 个键。
预加载完成: 找到 2 个本地 EN 键。

--- 阶段 1: 扫描 Scripts (L0) ---
  -> 处理: TLOUMostModelsConnected.txt
  -> 处理: clothing/TheLastOfUsClothingItemsConnected.txt
     -> 新增: 8 个 Item
  -> 处理: clothing/TheLastOfUsCraftingRecipesConnected.txt
     -> 新增: 4 个 Recipe
阶段 1 完成: 从 scripts 新生成了 12 条数据。

--- 阶段 2: 合并 L0 与 L1 后，纯净英文基准总计: 14 条数据。---

--- 阶段 3: 从 CN 目录加载了 0 条数据。---

-------------------- 处理子模组: TLOUClothingFedra --------------------

--- 正在为 'TLOUClothingFedra' 动态查找 'media' 文件夹 ---
  -> 正在检查路径的有效性: data/workshop_content/3348036710/mods/TLOUClothingFedra/media
  --> 路径有效！将使用此路径进行处理: data/workshop_content/3348036710/mods/TLOUClothingFedra/media

--- 预加载 EN (L1) 数据 ---
  -> 扫描目录: data/workshop_content/3348036710/mods/TLOUClothingFedra/media/lua/shared/Translate/EN
     -> 在 'ContextMenu_EN.txt' 中找到 4 个键。
     -> 在 'Sandbox_EN.txt' 中找到 3 个键。
预加载完成: 找到 7 个本地 EN 键。

--- 阶段 1: 扫描 Scripts (L0) ---
  -> 处理: TLOUMostModelsFedra.txt
  -> 处理: clothing/TheLastOfUsClothingItemsFedra.txt
     -> 新增: 16 个 Item
阶段 1 完成: 从 scripts 新生成了 16 条数据。

--- 阶段 2: 合并 L0 与 L1 后，纯净英文基准总计: 23 条数据。---

--- 阶段 3: 从 CN 目录加载了 0 条数据。---

-------------------- 处理子模组: TLOUClothingSeraphites --------------------

--- 正在为 'TLOUClothingSeraphites' 动态查找 'media' 文件夹 ---
  -> 正在检查路径的有效性: data/workshop_content/3348036710/mods/TLOUClothingSeraphites/media
  --> 路径有效！将使用此路径进行处理: data/workshop_content/3348036710/mods/TLOUClothingSeraphites/media

--- 预加载 EN (L1) 数据 ---
  -> 扫描目录: data/workshop_content/3348036710/mods/TLOUClothingSeraphites/media/lua/shared/Translate/EN
     -> 在 'ContextMenu_EN.txt' 中找到 4 个键。
     -> 在 'Sandbox_EN.txt' 中找到 2 个键。
预加载完成: 找到 6 个本地 EN 键。

--- 阶段 1: 扫描 Scripts (L0) ---
  -> 处理: TLOUMostModelsScars.txt
  -> 处理: TheLastOfUsAttachmentPointsScars.txt
  -> 处理: clothing/TheLastOfUsClothingItemsScars.txt
     -> 新增: 12 个 Item
  -> 处理: clothing/TheLastOfUsCraftingRecipesScars.txt
     -> 新增: 12 个 Recipe
  -> 处理: clothing/TheLastOfUsOtherItemsScars.txt
     -> 新增: 11 个 Item
阶段 1 完成: 从 scripts 新生成了 35 条数据。

--- 阶段 2: 合并 L0 与 L1 后，纯净英文基准总计: 41 条数据。---

--- 阶段 3: 从 CN 目录加载了 0 条数据。---

--- 正在为 Mod 'TLOUClothingConnected' 生成输出文件 ---
    - 最终合并 (output.txt): 75 条
    - 纯净英文 (EN_output.txt): 75 条
    - 纯净中文 (CN_output.txt): 0 条
    - 英文待办 (en_todo.txt): 75 条 (增量)
    - 中文独有 (cn_only.txt): 0 条 (增量)
    -> 正在尝试从 Git 历史记录中获取旧版本: data/output_files/TLOUClothingConnected_3348036710/EN_todo.txt
      --> 在 Git 历史记录中未找到该文件，视为全新。
    -> 基线日志已存档到: data/logs/archive/TLOUClothingConnected_3348036710_baseline_run_20250910_173048.json

处理成功！所有输出文件已保存在 'TLOUClothingConnected_3348036710' 文件夹中。
