

========================= 开始处理 Workshop ID: 3410989950 (True_Crawl_B42) =========================

--- 正在检查已完成的翻译于: data/completed_files/True_Crawl_B42_3410989950/en_completed.txt ---
  -> 文件 'en_completed.txt' 在目标位置不存在，将自动创建。

-------------------- 处理子模组: True Crawl B42 --------------------

--- 正在为 'True Crawl B42' 动态查找 'media' 文件夹 ---
  -> 正在检查路径的有效性: data/workshop_content/3410989950/mods/True Crawl B42/common/media
  --> 路径有效！将使用此路径进行处理: data/workshop_content/3410989950/mods/True Crawl B42/common/media

--- 预加载 EN (L1) 数据 ---
  -> 扫描目录: data/workshop_content/3410989950/mods/True Crawl B42/common/media/lua/shared/Translate/EN
     -> 在 'Sandbox_EN.txt' 中找到 9 个键。
     -> 在 'UI_EN.txt' 中找到 2 个键。
预加载完成: 找到 11 个本地 EN 键。

--- 阶段 1: 扫描 Scripts (L0) ---
  -> 警告：未找到 Scripts 目录，跳过。
阶段 1 完成: 从 scripts 新生成了 0 条数据。

--- 阶段 2: 合并 L0 与 L1 后，纯净英文基准总计: 11 条数据。---

--- 阶段 3: 从 CN 目录加载了 0 条数据。---

--- 正在为 Mod 'True_Crawl_B42' 生成输出文件 ---
    - 最终合并 (output.txt): 11 条
    - 纯净英文 (EN_output.txt): 11 条
    - 纯净中文 (CN_output.txt): 0 条
    - 英文待办 (en_todo.txt): 11 条 (增量)
    - 中文独有 (cn_only.txt): 0 条 (增量)
    -> 正在尝试从 Git 历史记录中获取旧版本: data/output_files/True_Crawl_B42_3410989950/EN_todo.txt
      --> 在 Git 历史记录中未找到该文件，视为全新。
    -> 基线日志已存档到: data/logs/archive/True_Crawl_B42_3410989950_baseline_run_20250910_173048.json

处理成功！所有输出文件已保存在 'True_Crawl_B42_3410989950' 文件夹中。
